<?xml version="1.0" encoding="UTF-8"?>
<!-- Generated by org.testng.reporters.JUnitXMLReporter -->
<testsuite ignored="2" hostname="JORLUFONBAL-ASUS" failures="1" tests="1" name="Surefire test" time="6.691" errors="0" timestamp="2025-11-06T19:44:23 COT">
  <testcase classname="com.demoblaze.test.OpenURLTest" name="OpenUrl" time="0.007">
    <failure type="java.lang.NullPointerException" message="Cannot invoke &amp;quot;org.openqa.selenium.WebDriver.get(String)&amp;quot; because &amp;quot;this.driver&amp;quot; is null">
      <![CDATA[java.lang.NullPointerException: Cannot invoke "org.openqa.selenium.WebDriver.get(String)" because "this.driver" is null
at com.demoblaze.pages.BasePage.navigateTo(BasePage.java:14)
at com.demoblaze.test.OpenURLTest.OpenUrl(OpenURLTest.java:12)
at java.base/java.util.ArrayList.forEach(ArrayList.java:1511)
... Removed 32 stack frames]]>
    </failure>
  </testcase> <!-- OpenUrl -->
  <testcase classname="com.demoblaze.test.BaseTest" name="@AfterTest teaDown" time="0.0">
    <ignored/>
  </testcase> <!-- @AfterTest teaDown -->
  <testcase classname="com.demoblaze.test.BaseTest" name="@BeforeTest setup" time="0.0">
    <ignored/>
  </testcase> <!-- @BeforeTest setup -->
</testsuite> <!-- Surefire test -->
